1776224206791078: THREAD 1 AWAKENED FOR WORK
1776224206791182: THREAD 1,insert,Sid Meier,50000,1
1776224206791195: THREAD 6 WAITING FOR MY TURN
1776224206791227: THREAD 3 WAITING FOR MY TURN
1776224206791256: THREAD 1 WRITE LOCK ACQUIRED
1776224206791288: THREAD 4 WAITING FOR MY TURN
1776224206791311: THREAD 5 WAITING FOR MY TURN
1776224206791343: THREAD 2 WAITING FOR MY TURN
1776224206791410: THREAD 1 WRITE LOCK RELEASED
1776224206791437: THREAD 2 AWAKENED FOR WORK
1776224206791455: THREAD 2,insert,Richard Garriot,40000,2
1776224206791469: THREAD 6 WAITING FOR MY TURN
1776224206791532: THREAD 2 WRITE LOCK ACQUIRED
1776224206791554: THREAD 5 WAITING FOR MY TURN
1776224206791578: THREAD 3 WAITING FOR MY TURN
1776224206791600: THREAD 4 WAITING FOR MY TURN
1776224206791646: THREAD 2 WRITE LOCK RELEASED
1776224206791673: THREAD 4 WAITING FOR MY TURN
1776224206791689: THREAD 5 WAITING FOR MY TURN
1776224206791713: THREAD 3 AWAKENED FOR WORK
1776224206791731: THREAD 3,delete,Richard Garriot,3
1776224206791743: THREAD 6 WAITING FOR MY TURN
1776224206791769: THREAD 3 WRITE LOCK ACQUIRED
1776224206791886: THREAD 3 WRITE LOCK RELEASED
1776224206791908: THREAD 6 WAITING FOR MY TURN
1776224206791948: THREAD 5 WAITING FOR MY TURN
1776224206791977: THREAD 4 AWAKENED FOR WORK
1776224206791998: THREAD 4,search,Richard Garriot,4
1776224206792011: THREAD 4 READ LOCK ACQUIRED
1776224206792110: THREAD 4 READ LOCK RELEASED
1776224206792134: THREAD 5 AWAKENED FOR WORK
1776224206792151: THREAD 5,search,Sid Meier,5
1776224206792165: THREAD 6 WAITING FOR MY TURN
1776224206792185: THREAD 5 READ LOCK ACQUIRED
1776224206792287: THREAD 5 READ LOCK RELEASED
1776224206792308: THREAD 6 AWAKENED FOR WORK
1776224206792326: THREAD 6,print,6
1776224206792341: THREAD 6 READ LOCK ACQUIRED
1776224206792530: THREAD 6 READ LOCK RELEASED
