1776138313920892: THREAD 6 WAITING FOR MY TURN
1776138313920989: THREAD 5 WAITING FOR MY TURN
1776138313921078: THREAD 2 WAITING FOR MY TURN
1776138313921141: THREAD 3 WAITING FOR MY TURN
1776138313921179: THREAD 4 WAITING FOR MY TURN
1776138313921196: THREAD 1 AWAKENED FOR WORK
1776138313921198: THREAD 1,insert,Sid Meier,50000,1
1776138313921199: THREAD 1 WRITE LOCK ACQUIRED
1776138313921201: THREAD 1 WRITE LOCK RELEASED
1776138313921399: THREAD 4 WAITING FOR MY TURN
1776138313921558: THREAD 3 WAITING FOR MY TURN
1776138313921579: THREAD 2 AWAKENED FOR WORK
1776138313921586: THREAD 2,insert,Richard Garriot,40000,2
1776138313921587: THREAD 2 WRITE LOCK ACQUIRED
1776138313921590: THREAD 2 WRITE LOCK RELEASED
1776138313921596: THREAD 5 WAITING FOR MY TURN
1776138313921613: THREAD 6 WAITING FOR MY TURN
1776138313921699: THREAD 5 WAITING FOR MY TURN
1776138313921830: THREAD 6 WAITING FOR MY TURN
1776138313921847: THREAD 3 AWAKENED FOR WORK
1776138313921854: THREAD 3,delete,Richard Garriot,3
1776138313921855: THREAD 3 WRITE LOCK ACQUIRED
1776138313921857: THREAD 3 WRITE LOCK RELEASED
1776138313921863: THREAD 4 WAITING FOR MY TURN
1776138313921963: THREAD 6 WAITING FOR MY TURN
1776138313921997: THREAD 5 WAITING FOR MY TURN
1776138313922015: THREAD 4 AWAKENED FOR WORK
1776138313922023: THREAD 4,search,Richard Garriot,4
1776138313922025: THREAD 4 READ LOCK ACQUIRED
1776138313922026: THREAD 4 READ LOCK RELEASED
1776138313922134: THREAD 5 AWAKENED FOR WORK
1776138313922136: THREAD 5,search,Sid Meier,5
1776138313922137: THREAD 5 READ LOCK ACQUIRED
1776138313922138: THREAD 5 READ LOCK RELEASED
1776138313922195: THREAD 6 WAITING FOR MY TURN
1776138313922230: THREAD 6 AWAKENED FOR WORK
1776138313922232: THREAD 6,print,6
1776138313922233: THREAD 6 READ LOCK ACQUIRED
1776138313922371: THREAD 6 READ LOCK RELEASED
